Build started 26/05/2016 10:00:28.
     1>Project "D:\Escuela\Programacion\C++\pacman\pacman\pacman.vcxproj" on node 2 (build target(s)).
     1>InitializeBuildStatus:
         Touching "Debug\pacman.unsuccessfulbuild".
       ClCompile:
         C:\Program Files (x86)\Microsoft Visual Studio 10.0\VC\bin\CL.exe /c /ZI /nologo /W3 /WX- /Od /Oy- /D WIN32 /D _DEBUG /D _CONSOLE /D _UNICODE /D UNICODE /Gm /EHsc /RTC1 /MDd /GS /fp:precise /Zc:wchar_t /Zc:forScope /Yc"StdAfx.h" /Fp"Debug\pacman.pch" /Fo"Debug\\" /Fd"Debug\vc100.pdb" /Gd /TP /analyze- /errorReport:prompt stdafx.cpp
         stdafx.cpp
         C:\Program Files (x86)\Microsoft Visual Studio 10.0\VC\bin\CL.exe /c /ZI /nologo /W3 /WX- /Od /Oy- /D WIN32 /D _DEBUG /D _CONSOLE /D _UNICODE /D UNICODE /Gm /EHsc /RTC1 /MDd /GS /fp:precise /Zc:wchar_t /Zc:forScope /Yu"StdAfx.h" /Fp"Debug\pacman.pch" /Fo"Debug\\" /Fd"Debug\vc100.pdb" /Gd /TP /analyze- /errorReport:prompt pacman.cpp
         pacman.cpp
     1>d:\escuela\programacion\c++\pacman\pacman\pacman.cpp(12): warning C4068: unknown pragma
     1>d:\escuela\programacion\c++\pacman\pacman\pacman.cpp(125): warning C4996: 'kbhit': The POSIX name for this item is deprecated. Instead, use the ISO C++ conformant name: _kbhit. See online help for details.
                 c:\program files (x86)\microsoft visual studio 10.0\vc\include\conio.h(130) : see declaration of 'kbhit'
     1>d:\escuela\programacion\c++\pacman\pacman\pacman.cpp(126): warning C4996: 'getch': The POSIX name for this item is deprecated. Instead, use the ISO C++ conformant name: _getch. See online help for details.
                 c:\program files (x86)\microsoft visual studio 10.0\vc\include\conio.h(128) : see declaration of 'getch'
     1>d:\escuela\programacion\c++\pacman\pacman\pacman.cpp(335): fatal error C1075: end of file found before the left brace '{' at 'd:\escuela\programacion\c++\pacman\pacman\pacman.cpp(256)' was matched
     1>Done Building Project "D:\Escuela\Programacion\C++\pacman\pacman\pacman.vcxproj" (build target(s)) -- FAILED.

Build FAILED.

Time Elapsed 00:00:04.01
